2026-07-01T09:00:00Z | ldg-0001 | system | canon.initialized | cards=3 | comment="Первый коммит канона прототипа"
2026-07-19T10:15:00Z | ldg-0002 | author:anna_p | change.proposed | change=ch-0001 | card=kn-2026-0007 | reason="Добавлен раздел о возрождении каталогов 2020-х, источники проверены заново"
2026-07-19T11:02:00Z | ldg-0003 | keeper:igor_s | change.accepted | change=ch-0001 | card=kn-2026-0007 | version=9 | comment="Принято по чек-листу 11.4: источник уровня B добавлен, даты проставлены, противоречий нет"
2026-07-19T14:55:12Z | ldg-0004 | distill.py | question.distilled | card=kn-2026-0418 | rubric=formy/agregatory | source=sample-thread.md | participants=4 | comment="черновик в inbox/, ждёт хранителя marina_k"
2026-07-19T15:50:18Z | ldg-0005 | distill.py | question.distilled | card=kn-2026-0419 | rubric=formy/katalogi | source=thread-001.md | participants=3 | comment="черновик в inbox/, ждёт хранителя igor_s"
2026-07-19T15:50:19Z | ldg-0006 | distill.py | question.distilled | card=kn-2026-0420 | rubric=nejroseti/obuchenie | source=thread-002.md | participants=2 | comment="черновик в inbox/, ждёт хранителя igor_s"
2026-07-19T15:50:19Z | ldg-0007 | migrate.py | community.migrated | community="Форум oldweb-forum.ru (архив, 2009–2017)" | threads=2 | drafts=2 | keeper=igor_s | comment="амнистия-миграция: черновики ждут ревью ядра"
2026-07-20T06:09:57Z | ldg-0008 | author:anna_p | question.opened | question=q-0001 | rubric=formy/katalogi | comment="вопрос открыт, ушёл хранителям рубрики"
2026-07-20T06:10:14Z | ldg-0009 | keeper:igor_s | question.answered | question=q-0001 | card=kn-2026-0007 | comment="вопрос закрыт ссылкой на карточку"
2026-07-20T06:10:14Z | ldg-0010 | author:pavel_d | question.opened | question=q-0002 | rubric=nejroseti/obuchenie | comment="вопрос открыт, ушёл хранителям рубрики"
2026-07-20T06:10:51Z | ldg-0011 | distill.py | question.distilled | card=kn-2026-0421 | rubric=formy/agregatory | source=formy_agregatory.md | participants=3 | comment="черновик в inbox/, ждёт хранителя marina_k"
2026-07-20T06:10:51Z | ldg-0012 | author:igor_s | thread.pinned | thread=formy_agregatory.md | keeper=marina_k | comment="тред номинирован в канон; решение — за хранителем"
2026-07-21T05:58:22Z | ldg-0013 | gardener:system | keeper.appointed | keeper=igor_s | rubric=formy/agregatory | role=second | comment="второй хранитель: защита от захвата рубрики (У1, документ 16)"
2026-07-21T05:58:22Z | ldg-0014 | gardener:system | keeper.appointed | keeper=anna_p | rubric=formy/katalogi | role=second | comment="второй хранитель: защита от захвата рубрики (У1, документ 16)"
2026-07-21T05:58:22Z | ldg-0015 | gardener:system | keeper.appointed | keeper=anna_p | rubric=nejroseti/obuchenie | role=second | comment="второй хранитель: защита от захвата рубрики (У1, документ 16)"
2026-07-21T05:58:40Z | ldg-0016 | author:pavel_d | change.proposed | change=ch-0002 | card=kn-2026-0201 | reason="Добавил тезис про dropout из обсуждения в чате"
2026-07-21T05:58:40Z | ldg-0017 | keeper:pavel_d | change.returned | change=ch-0002 | card=kn-2026-0201 | comment="Возвращено по чек-листу 11.4: тезис про dropout подан как факт, но источника нет даже уровня C. Оформите как гипотезу со ссылкой на тред или уберите."
2026-07-21T06:34:38Z | ldg-0018 | author:anna_p | change.proposed | change=ch-0003 | card=kn-2026-0417 | reason="Добавлен alias «автомодератор» для поиска карточки по термину AutoModerator"
2026-07-21T06:34:38Z | ldg-0019 | keeper:marina_k | change.accepted | change=ch-0003 | card=kn-2026-0417 | comment="Принято: alias не меняет смысла карточки, источники не тронуты"
2026-07-21T08:19:58Z | ldg-0020 | keeper:anna_p | keeper.vouched | vouch=v-0001 | candidate=sergey_l | rubric=nejroseti/obuchenie | comment="поручительство 1/2 в этом году"
2026-07-21T08:19:58Z | ldg-0021 | keeper:pavel_d | keeper.vouched | vouch=v-0002 | candidate=sergey_l | rubric=nejroseti/obuchenie | comment="поручительство 1/2 в этом году"
2026-07-21T08:19:58Z | ldg-0022 | gardener:system | keeper.appointed | keeper=sergey_l | rubric=nejroseti/obuchenie | vouchers=anna_p,pavel_d | comment="назначение по двум поручительствам (§18.4): v-0001,v-0002"
2026-07-21T08:20:22Z | ldg-0023 | gardener:system | recall.rejected | keeper=igor_s | rubric=formy/katalogi | initiator=pavel_d | comment="инициатива без ссылок на факты журнала отклонена (§18.5)"
2026-07-21T08:20:22Z | ldg-0024 | author:pavel_d | recall.opened | recall=rc-0001 | keeper=igor_s | rubric=formy/katalogi | evidence=ldg-0009 | comment="проверяю процедуру: подозрение на возврат без причины"
2026-07-21T08:20:22Z | ldg-0025 | gardener:system | recall.dismissed | recall=rc-0001 | keeper=igor_s | rubric=formy/katalogi | quorum=marina_k,anna_p,gardener:system | initiator=pavel_d | comment="Факт ldg-0009 проверен: закрытие вопроса q-0001 карточкой соответствует правилу §15.2, нарушения нет; инициатива признана тестовой, recall отклонён"
2026-07-21T09:27:02Z | ldg-0026 | system | key.registered | nick=marina_k | instance=lib-alpha | fingerprint=e93069cf72d8064f | comment="ключ роли зарегистрирован; действия теперь подписываются (§17.5)"
2026-07-21T09:27:02Z | ldg-0027 | system | key.registered | nick=igor_s | instance=lib-alpha | fingerprint=6d91a0967974a820 | comment="ключ роли зарегистрирован; действия теперь подписываются (§17.5)"
2026-07-21T09:27:02Z | ldg-0028 | system | key.registered | nick=pavel_d | instance=lib-alpha | fingerprint=499b1dd5e6707a84 | comment="ключ роли зарегистрирован; действия теперь подписываются (§17.5)"
2026-07-21T09:27:02Z | ldg-0029 | system | key.registered | nick=anna_p | instance=lib-alpha | fingerprint=85d940438f544de2 | comment="ключ роли зарегистрирован; действия теперь подписываются (§17.5)"
2026-07-21T09:27:02Z | ldg-0030 | system | key.registered | nick=sergey_l | instance=lib-alpha | fingerprint=a8276cf9da1feefc | comment="ключ роли зарегистрирован; действия теперь подписываются (§17.5)"
2026-07-21T09:27:27Z | ldg-0031 | keeper:marina_k | draft.published | card=kn-2026-0418 | rubric=formy/agregatory | comment="проверила: источник уровня C помечен, эксперимент 2013 описан корректно, противоречий с kn-2026-0417 нет" | sig=05a586a00e8376fc5d39c3007d1c3748
2026-07-21T09:27:27Z | ldg-0032 | keeper:igor_s | draft.published | card=kn-2026-0419 | rubric=formy/katalogi | comment="миграционный черновик: фактура форума сохранена, уровень C честный, рубрика та" | sig=d979046de2a6115933118f3c3200317b
2026-07-21T09:27:27Z | ldg-0033 | keeper:sergey_l | draft.published | card=kn-2026-0420 | rubric=nejroseti/obuchenie | comment="первое действие после назначения: черновик миграции проверен, дополненных источников не требует на уровне C" | sig=db44d903e17a462592e9da61121bed1f
2026-07-21T09:27:28Z | ldg-0034 | keeper:marina_k | draft.returned | card=kn-2026-0421 | comment="тред из 3 реплик тонкий для отдельной карточки: дополнить обсуждением в потоке или объединить с kn-2026-0418 при следующей ревизии" | sig=7748e0f129b0e87c1ce7b3765a3702b4
2026-07-21T10:28:30Z | ldg-0035 | keeper:pavel_d | thanks.recorded | to=marina_k | comment="за сезонную волну ревизий и двух выведенных в канон новичков; ведение журнала без единого пропуска" | sig=bdb2376597bb00b292147c34c32304bf
2026-07-21T10:29:22Z | ldg-0036 | gardener:system | gardener.elected | gardener=marina_k | terms=2 | quorum=marina_k,igor_s,pavel_d,sergey_l | until=2027-07-21 | comment="избран на дне сада; срок до 2027-07-21 (§20.3)"
2026-07-21T10:29:22Z | ldg-0037 | gardener:system | gardener.elected | gardener=anna_p | terms=1 | quorum=marina_k,igor_s,pavel_d,sergey_l | until=2027-07-21 | comment="избран на дне сада; срок до 2027-07-21 (§20.3)"
2026-07-21T10:29:22Z | ldg-0038 | gardener:system | gardener.retired | gardener=pavel_d | quorum=marina_k,igor_s,pavel_d,sergey_l | comment="срок завершён с благодарностью; история остаётся его историей (§20.3)"
2026-07-21T10:30:04Z | ldg-0039 | gardener:marina_k | charter.amended | card=kn-2026-0422 | version=1 | comment="первая кодификация устава карточкой канона (§20.6); год прожит по неписаному уставу — зафиксирован" | sig=a3e02ab752171fe095b3a94d88d5c51b
2026-07-21T10:30:04Z | ldg-0040 | gardener:marina_k | charter.amended | card=kn-2026-0422 | version=2 | quorum=marina_k,igor_s,anna_p | comment="Было: перевыборы садовников не регламентированы. Стало: срок 1 год, не более двух сроков подряд, перерыв не менее года (кодификация §20.3)." | sig=d7db54c2ff1c040cc6bbef37548e0cc2
2026-07-21T10:30:20Z | ldg-0041 | gardener:marina_k | report.annual | card=kn-2026-0423 | year=2026 | events=40 | comment="годовой отчёт собран в карточку kn-2026-0423; читается вслух на дне сада (§20.4)" | sig=2eac5f0d4dc029c628c8f2d76c673cf2
2026-07-21T10:30:20Z | ldg-0042 | gardener:anna_p | federation.census | mirrors_alive=0 | mirrors_dead=2 | articles=6 | comment="перепись (§20.8): зеркал живо 0, мёртво 2; статей 6" | sig=376c2c592d8b807064a95b29d47da169
2026-07-21T12:45:33Z | ldg-0043 | gardener:marina_k | federation.census | mirrors_alive=2 | mirrors_dead=0 | articles=8 | comment="перепись (§20.8): зеркал живо 2, мёртво 0; статей 8" | sig=6a8a8db2daed4eca8c79a322a0b3da80
2026-07-21T13:21:19Z | ldg-0044 | keeper:pavel_d | appeal.filed | appeal=ap-0001 | change=ch-0002 | reason="тезис про dropout переоформлен как гипотеза со ссылкой на тред th-0001, возврат считаю выполненным досрочно" | sig=62303ee58542b5b45c5945aebef1b910
2026-07-21T13:21:58Z | ldg-0045 | gardener:marina_k | appeal.rejected | appeal=ap-0001 | change=ch-0002 | comment="возврат по пункту 2 чек-листа 11.4 корректен: источника нет; путь автора — оформить тезис гипотезой и подать новую заявку" | sig=20d5df2c9fc1b15476ef30254d9498ff
2026-07-21T13:22:31Z | ldg-0046 | author:sergey_l | change.proposed | change=ch-0004 | card=kn-2026-0007 | reason="уточнил дату закрытия DMOZ — время-зависимое утверждение без даты (пункт 3 чек-листа)"
2026-07-21T13:22:54Z | ldg-0047 | keeper:anna_p | change.returned | change=ch-0004 | card=kn-2026-0007 | comment="формулировка «закрыт в 2017» верна, но без источника (пункт 2); добавьте ссылку на архивную копию DMOZ или новость о закрытии"
2026-07-21T13:22:54Z | ldg-0048 | keeper:sergey_l | appeal.filed | appeal=ap-0002 | change=ch-0004 | reason="дата закрытия DMOZ общеизвестный факт, прошу арбитра оценить спор по пунктам чек-листа" | sig=cce090e9a4c7a9c470f75331bcc06e6d
2026-07-21T13:22:54Z | ldg-0049 | gardener:marina_k | appeal.upheld | appeal=ap-0002 | change=ch-0004 | comment="спор по пункту 2: дата закрытия DMOZ — общеизвестный факт, допустим с пометкой уровня C; возврат отменён, повторное ревью — другим хранителем" | sig=ee72667c52f0098783fc0d7d87916a6a
2026-07-21T13:23:11Z | ldg-0050 | keeper:igor_s | change.accepted | change=ch-0004 | card=kn-2026-0007 | comment="после вердикта ap-0002: дата добавлена, спорный пункт решён арбитром; пометку уровня C автор добавит следующей правкой"
2026-07-21T13:58:34Z | ldg-0051 | keeper:marina_k | key.upgraded | nick=marina_k | ed25519=3ecc56f7aee71321… | comment="апгрейд HMAC→Ed25519 (§17.5): публичный ключ в реестре, проверка подписи не требует секрета; старые sig= остаются валидными" | edsig=a2d0f0628e3729b3acddddae122dbc977db1145651eb09b9c381927f79ecfc16c62e91a01bfc8aabd758d65e7ac61e2f5a4bd02e1ee69ba735a456e14abccc0e
2026-07-21T13:58:35Z | ldg-0052 | keeper:igor_s | key.upgraded | nick=igor_s | ed25519=43415d27124a22ec… | comment="апгрейд HMAC→Ed25519 (§17.5): публичный ключ в реестре, проверка подписи не требует секрета; старые sig= остаются валидными" | edsig=4c4457cdc74bf812a7e132c9321403ce6806577938553533f448700a67bb3d936e53044398d4ee63b19cd0a01dbff100ce0ab1211e3458dc7f0270bcd8b3ba01
2026-07-21T13:58:36Z | ldg-0053 | keeper:pavel_d | key.upgraded | nick=pavel_d | ed25519=499cfa948642608c… | comment="апгрейд HMAC→Ed25519 (§17.5): публичный ключ в реестре, проверка подписи не требует секрета; старые sig= остаются валидными" | edsig=d8861ab51f9fcbabf72045ab833bdcd82f2213a0ce07e1fbc8986cfc0ad921aa92ef29d0257a6c6c56a6d417aa657bde12f7a994be31db4c0710e3fa301d7a02
2026-07-21T13:58:37Z | ldg-0054 | keeper:anna_p | key.upgraded | nick=anna_p | ed25519=fc45d5a1c6a9a597… | comment="апгрейд HMAC→Ed25519 (§17.5): публичный ключ в реестре, проверка подписи не требует секрета; старые sig= остаются валидными" | edsig=1fe9595fa725d87afe72324115369e35e0829225b3301d46c8b07db3a967f7388c9f40a12704a3cbb92b2fff8899d0ac14b2ae18b1e99ff60f7ce9fd3eaa6706
2026-07-21T13:58:37Z | ldg-0055 | keeper:sergey_l | key.upgraded | nick=sergey_l | ed25519=fd62c9be675e1a6b… | comment="апгрейд HMAC→Ed25519 (§17.5): публичный ключ в реестре, проверка подписи не требует секрета; старые sig= остаются валидными" | edsig=5338510978ca003fa5a990b05a1b6f2c01c11ebfa848d382a574cf548c9918c2c6c41fb1d06d56ff286cd60a5fbe7399702343415abec3aca2f44bebfebf970c
2026-07-21T13:59:06Z | ldg-0056 | keeper:igor_s | thanks.recorded | to=anna_p | comment="за честный возврат ch-0004 по пункту 2 и уважительный тон — возврат как подарок в действии" | edsig=6e3fb2b87b7e6289915980c129c81d6208623691449622b8e38c718d40d81fbe03bf7d8b9fb1f78112b41419af0202a6773a4d958e537ec2910a7cabc9dd5809
